MixedRealityToolkit-Unity/Library/Bee/Android/Prj/Mono2x/Gradle/unityLibrary/build/intermediates/manifest_merge_blame_file/release/manifest-merger-blame-release-report.txt
1<?xml version="1.0" encoding="utf-8"?>
2<manifest xmlns:android="http://schemas.android.com/apk/res/android"
3    xmlns:tools="http://schemas.android.com/tools"
4    package="com.unity3d.player"
5    android:installLocation="auto"
6    android:versionCode="1"
7    android:versionName="2.9.0" >
8
9    <uses-sdk
10        android:minSdkVersion="24"
10-->src/main/AndroidManifest.xml
11        android:targetSdkVersion="30" />
11-->src/main/AndroidManifest.xml
12
13    <uses-feature android:glEsVersion="0x00030000" />
13-->src/main/AndroidManifest.xml:24:3-52
13-->src/main/AndroidManifest.xml:24:17-49
14
15    <supports-gl-texture android:name="GL_KHR_texture_compression_astc_ldr" />
15-->src/main/AndroidManifest.xml:25:3-77
15-->src/main/AndroidManifest.xml:25:24-74
16
17    <uses-permission android:name="android.permission.INTERNET" />
17-->src/main/AndroidManifest.xml:26:3-65
17-->src/main/AndroidManifest.xml:26:20-62
18    <uses-permission android:name="android.permission.RECORD_AUDIO" />
18-->src/main/AndroidManifest.xml:27:3-69
18-->src/main/AndroidManifest.xml:27:20-66
19    <uses-permission android:name="android.permission.MODIFY_AUDIO_SETTINGS" />
19-->src/main/AndroidManifest.xml:28:3-78
19-->src/main/AndroidManifest.xml:28:20-75
20
21    <uses-feature
21-->src/main/AndroidManifest.xml:29:3-87
22        android:name="android.hardware.microphone"
22-->src/main/AndroidManifest.xml:29:17-59
23        android:required="false" />
23-->src/main/AndroidManifest.xml:29:60-84
24    <uses-feature
24-->src/main/AndroidManifest.xml:30:3-88
25        android:name="android.hardware.touchscreen"
25-->src/main/AndroidManifest.xml:30:17-60
26        android:required="false" />
26-->src/main/AndroidManifest.xml:30:61-85
27    <uses-feature
27-->src/main/AndroidManifest.xml:31:3-99
28        android:name="android.hardware.touchscreen.multitouch"
28-->src/main/AndroidManifest.xml:31:17-71
29        android:required="false" />
29-->src/main/AndroidManifest.xml:31:72-96
30    <uses-feature
30-->src/main/AndroidManifest.xml:32:3-108
31        android:name="android.hardware.touchscreen.multitouch.distinct"
31-->src/main/AndroidManifest.xml:32:17-80
32        android:required="false" />
32-->src/main/AndroidManifest.xml:32:81-105
33    <uses-feature
33-->src/main/AndroidManifest.xml:33:3-111
34        android:name="android.hardware.vr.headtracking"
34-->src/main/AndroidManifest.xml:33:17-64
35        android:required="true"
35-->src/main/AndroidManifest.xml:33:85-108
36        android:version="1" />
36-->src/main/AndroidManifest.xml:33:65-84
37    <uses-feature
37-->src/main/AndroidManifest.xml:34:3-88
38        android:name="oculus.software.handtracking"
38-->src/main/AndroidManifest.xml:34:17-60
39        android:required="false" />
39-->src/main/AndroidManifest.xml:34:61-85
40
41    <uses-permission android:name="com.oculus.permission.HAND_TRACKING" />
41-->src/main/AndroidManifest.xml:35:3-73
41-->src/main/AndroidManifest.xml:35:20-70
42
43    <application
43-->src/main/AndroidManifest.xml:3:3-23:17
44        android:allowBackup="false"
44-->src/main/AndroidManifest.xml:3:136-163
45        android:extractNativeLibs="true"
45-->src/main/AndroidManifest.xml:3:16-48
46        android:icon="@mipmap/app_icon"
46-->src/main/AndroidManifest.xml:3:104-135
47        android:isGame="true"
47-->src/main/AndroidManifest.xml:3:49-70
48        android:label="@string/app_name"
48-->src/main/AndroidManifest.xml:3:71-103
49        android:networkSecurityConfig="@xml/network_sec_config" >
49-->src/main/AndroidManifest.xml:3:164-219
50        <activity
50-->src/main/AndroidManifest.xml:4:5-12:16
51            android:name="com.unity3d.player.UnityPlayerActivity"
51-->src/main/AndroidManifest.xml:4:15-68
52            android:configChanges="keyboard|keyboardHidden|navigation|orientation|screenLayout|screenSize|uiMode|density"
52-->src/main/AndroidManifest.xml:4:204-313
53            android:hardwareAccelerated="false"
53-->src/main/AndroidManifest.xml:4:349-384
54            android:launchMode="singleTask"
54-->src/main/AndroidManifest.xml:4:172-203
55            android:resizeableActivity="false"
55-->src/main/AndroidManifest.xml:4:314-348
56            android:screenOrientation="landscape"
56-->src/main/AndroidManifest.xml:4:134-171
57            android:theme="@android:style/Theme.Black.NoTitleBar.Fullscreen" >
57-->src/main/AndroidManifest.xml:4:69-133
58            <intent-filter>
58-->src/main/AndroidManifest.xml:5:7-9:23
59                <action android:name="android.intent.action.MAIN" />
59-->src/main/AndroidManifest.xml:6:9-61
59-->src/main/AndroidManifest.xml:6:17-58
60
61                <category android:name="android.intent.category.LAUNCHER" />
61-->src/main/AndroidManifest.xml:7:9-69
61-->src/main/AndroidManifest.xml:7:19-66
62                <category android:name="com.oculus.intent.category.VR" />
62-->src/main/AndroidManifest.xml:8:9-66
62-->src/main/AndroidManifest.xml:8:19-63
63            </intent-filter>
64
65            <meta-data
65-->src/main/AndroidManifest.xml:10:7-82
66                android:name="unityplayer.UnityActivity"
66-->src/main/AndroidManifest.xml:10:18-58
67                android:value="true" />
67-->src/main/AndroidManifest.xml:10:59-79
68            <meta-data
68-->src/main/AndroidManifest.xml:11:7-81
69                android:name="com.oculus.vr.focusaware"
69-->src/main/AndroidManifest.xml:11:18-57
70                android:value="true" />
70-->src/main/AndroidManifest.xml:11:58-78
71        </activity>
72
73        <meta-data
73-->src/main/AndroidManifest.xml:13:5-69
74            android:name="unity.splash-mode"
74-->src/main/AndroidManifest.xml:13:16-48
75            android:value="0" />
75-->src/main/AndroidManifest.xml:13:49-66
76        <meta-data
76-->src/main/AndroidManifest.xml:14:5-75
77            android:name="unity.splash-enable"
77-->src/main/AndroidManifest.xml:14:16-50
78            android:value="False" />
78-->src/main/AndroidManifest.xml:14:51-72
79        <meta-data
79-->src/main/AndroidManifest.xml:15:5-78
80            android:name="unity.launch-fullscreen"
80-->src/main/AndroidManifest.xml:15:16-54
81            android:value="True" />
81-->src/main/AndroidManifest.xml:15:55-75
82        <meta-data
82-->src/main/AndroidManifest.xml:16:5-84
83            android:name="unity.allow-resizable-window"
83-->src/main/AndroidManifest.xml:16:16-59
84            android:value="False" />
84-->src/main/AndroidManifest.xml:16:60-81
85        <meta-data
85-->src/main/AndroidManifest.xml:17:5-97
86            android:name="com.samsung.android.vr.application.mode"
86-->src/main/AndroidManifest.xml:17:16-70
87            android:value="vr_only" />
87-->src/main/AndroidManifest.xml:17:71-94
88        <meta-data
88-->src/main/AndroidManifest.xml:18:5-91
89            android:name="com.unity.xr.oculus.LowOverheadMode"
89-->src/main/AndroidManifest.xml:18:16-66
90            android:value="false" />
90-->src/main/AndroidManifest.xml:18:67-88
91        <meta-data
91-->src/main/AndroidManifest.xml:19:5-88
92            android:name="com.unity.xr.oculus.LateLatching"
92-->src/main/AndroidManifest.xml:19:16-63
93            android:value="false" />
93-->src/main/AndroidManifest.xml:19:64-85
94        <meta-data
94-->src/main/AndroidManifest.xml:20:5-93
95            android:name="com.unity.xr.oculus.LateLatchingDebug"
95-->src/main/AndroidManifest.xml:20:16-68
96            android:value="false" />
96-->src/main/AndroidManifest.xml:20:69-90
97        <meta-data
97-->src/main/AndroidManifest.xml:21:5-90
98            android:name="com.oculus.supportedDevices"
98-->src/main/AndroidManifest.xml:21:16-58
99            android:value="quest|quest2" />
99-->src/main/AndroidManifest.xml:21:59-87
100        <meta-data
100-->src/main/AndroidManifest.xml:22:5-87
101            android:name="com.oculus.handtracking.frequency"
101-->src/main/AndroidManifest.xml:22:16-64
102            android:value="LOW" />
102-->src/main/AndroidManifest.xml:22:65-84
103    </application>
104
105</manifest>